{
  "stats": {
    "suites": 1,
    "tests": 2,
    "passes": 2,
    "pending": 0,
    "failures": 0,
    "start": "2023-12-19T23:15:35.926Z",
    "end": "2023-12-19T23:15:36.554Z",
    "duration": 628,
    "testsRegistered": 2,
    "passPercent": 100,
    "pendingPercent": 0,
    "other": 0,
    "hasOther": false,
    "skipped": 0,
    "hasSkipped": false
  },
  "results": [
    {
      "uuid": "11ae625d-d1f4-4562-8083-cf1ecfc1b76d",
      "title": "",
      "fullFile": "cypress\\e2e\\signUpApiTest.cy.js",
      "file": "cypress\\e2e\\signUpApiTest.cy.js",
      "beforeHooks": [],
      "afterHooks": [],
      "tests": [],
      "suites": [
        {
          "uuid": "7a308a72-c13f-4598-b885-bda2938b292a",
          "title": "Sign Up tests DemoBlaze",
          "fullFile": "",
          "file": "",
          "beforeHooks": [],
          "afterHooks": [],
          "tests": [
            {
              "title": "Attempt to create an existing user",
              "fullTitle": "Sign Up tests DemoBlaze Attempt to create an existing user",
              "timedOut": null,
              "duration": 257,
              "state": "passed",
              "speed": "fast",
              "pass": true,
              "fail": false,
              "pending": false,
              "context": null,
              "code": "cy.request({\n  method: 'POST',\n  url: api.concat(_EndPoints.default.paths.signup),\n  headers: {\n    'Content-Type': format\n  },\n  body: this.jsonBody\n}).then(response => {\n  expect(response.status).to.equal(200);\n  expect(response.body.errorMessage).to.equal(\"This user already exist.\");\n});",
              "err": {},
              "uuid": "a28957cd-3cda-4df3-b6b0-5c5dad11f193",
              "parentUUID": "7a308a72-c13f-4598-b885-bda2938b292a",
              "isHook": false,
              "skipped": false
            },
            {
              "title": "creating a valid user",
              "fullTitle": "Sign Up tests DemoBlaze creating a valid user",
              "timedOut": null,
              "duration": 301,
              "state": "passed",
              "speed": "fast",
              "pass": true,
              "fail": false,
              "pending": false,
              "context": null,
              "code": "const randomUsername = `user_${Cypress._.random(1000)}`;\ncy.request({\n  method: 'POST',\n  url: api.concat(_EndPoints.default.paths.signup),\n  headers: {\n    'Content-Type': format\n  },\n  body: {\n    \"username\": randomUsername,\n    \"password\": \"12345\"\n  }\n}).then(response => {\n  expect(response.status).to.equal(200);\n  expect(response.body).to.be.empty;\n});",
              "err": {},
              "uuid": "7a54f2d6-9ef8-4eb7-beef-0b5ac1ee343e",
              "parentUUID": "7a308a72-c13f-4598-b885-bda2938b292a",
              "isHook": false,
              "skipped": false
            }
          ],
          "suites": [],
          "passes": [
            "a28957cd-3cda-4df3-b6b0-5c5dad11f193",
            "7a54f2d6-9ef8-4eb7-beef-0b5ac1ee343e"
          ],
          "failures": [],
          "pending": [],
          "skipped": [],
          "duration": 558,
          "root": false,
          "rootEmpty": false,
          "_timeout": 2000
        }
      ],
      "passes": [],
      "failures": [],
      "pending": [],
      "skipped": [],
      "duration": 0,
      "root": true,
      "rootEmpty": true,
      "_timeout": 2000
    }
  ],
  "meta": {
    "mocha": {
      "version": "7.0.1"
    },
    "mochawesome": {
      "options": {
        "quiet": false,
        "reportFilename": "index",
        "saveHtml": true,
        "saveJson": true,
        "consoleReporter": "spec",
        "useInlineDiffs": false,
        "code": true
      },
      "version": "7.1.3"
    },
    "marge": {
      "options": {
        "reportFilename": "index",
        "reportDir": "cypress/results",
        "overwrite": false,
        "html": true,
        "json": true
      },
      "version": "6.2.0"
    }
  }
}